bin\CGFexample.pdb
C:\Users\Daniel\Documents\Faculdade\2º Ano - 2º Semestre\2 - Computação Gráfica\buildtemp\CGFexample\CGFexample.exe.intermediate.manifest
C:\Users\Daniel\Documents\Faculdade\2º Ano - 2º Semestre\2 - Computação Gráfica\buildtemp\CGFexample\CGFexample.vcxprojResolveAssemblyReference.cache
C:\Users\Daniel\Documents\Faculdade\2º Ano - 2º Semestre\2 - Computação Gráfica\buildtemp\CGFexample\CGFexample.write.1.tlog
C:\Users\Daniel\Documents\Faculdade\2º Ano - 2º Semestre\2 - Computação Gráfica\buildtemp\CGFexample\cl.command.1.tlog
C:\Users\Daniel\Documents\Faculdade\2º Ano - 2º Semestre\2 - Computação Gráfica\buildtemp\CGFexample\CL.read.1.tlog
C:\Users\Daniel\Documents\Faculdade\2º Ano - 2º Semestre\2 - Computação Gráfica\buildtemp\CGFexample\CL.write.1.tlog
C:\USERS\DANIEL\DOCUMENTS\FACULDADE\2º ANO - 2º SEMESTRE\2 - COMPUTAçãO GRáFICA\BUILDTEMP\CGFEXAMPLE\LIGHTINGSCENE.OBJ
C:\Users\Daniel\Documents\Faculdade\2º Ano - 2º Semestre\2 - Computação Gráfica\buildtemp\CGFexample\link.command.1.tlog
C:\Users\Daniel\Documents\Faculdade\2º Ano - 2º Semestre\2 - Computação Gráfica\buildtemp\CGFexample\link.read.1.tlog
C:\Users\Daniel\Documents\Faculdade\2º Ano - 2º Semestre\2 - Computação Gráfica\buildtemp\CGFexample\link.read.2.tlog
C:\Users\Daniel\Documents\Faculdade\2º Ano - 2º Semestre\2 - Computação Gráfica\buildtemp\CGFexample\link.write.1.tlog
C:\USERS\DANIEL\DOCUMENTS\FACULDADE\2º ANO - 2º SEMESTRE\2 - COMPUTAçãO GRáFICA\BUILDTEMP\CGFEXAMPLE\MAIN.OBJ
C:\Users\Daniel\Documents\Faculdade\2º Ano - 2º Semestre\2 - Computação Gráfica\buildtemp\CGFexample\mt.command.1.tlog
C:\Users\Daniel\Documents\Faculdade\2º Ano - 2º Semestre\2 - Computação Gráfica\buildtemp\CGFexample\mt.read.1.tlog
C:\Users\Daniel\Documents\Faculdade\2º Ano - 2º Semestre\2 - Computação Gráfica\buildtemp\CGFexample\mt.write.1.tlog
C:\USERS\DANIEL\DOCUMENTS\FACULDADE\2º ANO - 2º SEMESTRE\2 - COMPUTAçãO GRáFICA\BUILDTEMP\CGFEXAMPLE\MYCHAIR.OBJ
C:\USERS\DANIEL\DOCUMENTS\FACULDADE\2º ANO - 2º SEMESTRE\2 - COMPUTAçãO GRáFICA\BUILDTEMP\CGFEXAMPLE\MYCYLINDER.OBJ
C:\USERS\DANIEL\DOCUMENTS\FACULDADE\2º ANO - 2º SEMESTRE\2 - COMPUTAçãO GRáFICA\BUILDTEMP\CGFEXAMPLE\MYLAMP.OBJ
C:\USERS\DANIEL\DOCUMENTS\FACULDADE\2º ANO - 2º SEMESTRE\2 - COMPUTAçãO GRáFICA\BUILDTEMP\CGFEXAMPLE\MYSEMISPHERE.OBJ
C:\USERS\DANIEL\DOCUMENTS\FACULDADE\2º ANO - 2º SEMESTRE\2 - COMPUTAçãO GRáFICA\BUILDTEMP\CGFEXAMPLE\MYTABLE.OBJ
C:\USERS\DANIEL\DOCUMENTS\FACULDADE\2º ANO - 2º SEMESTRE\2 - COMPUTAçãO GRáFICA\BUILDTEMP\CGFEXAMPLE\MYUNITCUBE.OBJ
C:\USERS\DANIEL\DOCUMENTS\FACULDADE\2º ANO - 2º SEMESTRE\2 - COMPUTAçãO GRáFICA\BUILDTEMP\CGFEXAMPLE\PLANE.OBJ
C:\Users\Daniel\Documents\Faculdade\2º Ano - 2º Semestre\2 - Computação Gráfica\buildtemp\CGFexample\vc100.idb
C:\USERS\DANIEL\DOCUMENTS\FACULDADE\2º ANO - 2º SEMESTRE\2 - COMPUTAÇÃO GRÁFICA\BUILDTEMP\CGFEXAMPLE\VC100.PDB
C:\USERS\DANIEL\DOCUMENTS\FACULDADE\2º ANO - 2º SEMESTRE\2 - COMPUTAçãO GRáFICA\TP3\BIN\CGFEXAMPLE.EXE
