Build started 4/11/2014 5:01:26 PM.
     1>Project "C:\Users\Daniel\Documents\Faculdade\2º Ano - 2º Semestre\2 - Computação Gráfica\TP5\CGFexample.vcxproj" on node 2 (rebuild target(s)).
     1>_PrepareForClean:
         Deleting file "..\buildtemp\CGFexample\CGFexample.lastbuildstate".
       InitializeBuildStatus:
         Creating "..\buildtemp\CGFexample\CGFexample.unsuccessfulbuild" because "AlwaysCreate" was specified.
       ClCompile:
         c:\Program Files (x86)\Microsoft Visual Studio 10.0\VC\bin\CL.exe /c /ZI /nologo /W3 /WX- /Od /Oy- /D _MBCS /Gm /EHsc /RTC1 /MDd /GS /fp:precise /Zc:wchar_t /Zc:forScope /Fo"..\buildtemp\CGFexample\\" /Fd"..\buildtemp\CGFexample\vc100.pdb" /Gd /TP /analyze- /errorReport:prompt src\LightingScene.cpp src\main.cpp src\MyChair.cpp src\myCylinder.cpp src\MyLamp.cpp src\MySemiSphere.cpp src\MyTable.cpp src\MyUnitCube.cpp src\Plane.cpp
         Plane.cpp
         MyUnitCube.cpp
         MyTable.cpp
         MySemiSphere.cpp
         MyLamp.cpp
     1>c:\users\daniel\documents\faculdade\2º ano - 2º semestre\2 - computação gráfica\tp5\src\mylamp.h(8): warning C4067: unexpected tokens following preprocessor directive - expected a newline
         myCylinder.cpp
     1>c:\users\daniel\documents\faculdade\2º ano - 2º semestre\2 - computação gráfica\tp5\src\mycylinder.cpp(17): warning C4018: '<' : signed/unsigned mismatch
     1>c:\users\daniel\documents\faculdade\2º ano - 2º semestre\2 - computação gráfica\tp5\src\mycylinder.cpp(29): warning C4018: '<=' : signed/unsigned mismatch
     1>c:\users\daniel\documents\faculdade\2º ano - 2º semestre\2 - computação gráfica\tp5\src\mycylinder.cpp(47): warning C4018: '<' : signed/unsigned mismatch
         MyChair.cpp
         main.cpp
     1>c:\users\daniel\documents\faculdade\2º ano - 2º semestre\2 - computação gráfica\tp5\src\mylamp.h(8): warning C4067: unexpected tokens following preprocessor directive - expected a newline
         LightingScene.cpp
     1>c:\users\daniel\documents\faculdade\2º ano - 2º semestre\2 - computação gráfica\tp5\src\mylamp.h(8): warning C4067: unexpected tokens following preprocessor directive - expected a newline
         Generating Code...
       Link:
         c:\Program Files (x86)\Microsoft Visual Studio 10.0\VC\bin\link.exe /ERRORREPORT:PROMPT /OUT:"bin\CGFexample.exe" /NOLOGO glew32.lib CGFlib.lib kernel32.lib user32.lib gdi32.lib winspool.lib comdlg32.lib advapi32.lib shell32.lib ole32.lib oleaut32.lib uuid.lib odbc32.lib odbccp32.lib kernel32.lib user32.lib gdi32.lib winspool.lib comdlg32.lib advapi32.lib shell32.lib ole32.lib oleaut32.lib uuid.lib odbc32.lib odbccp32.lib /MANIFEST /ManifestFile:"..\buildtemp\CGFexample\CGFexample.exe.intermediate.manifest" /MANIFESTUAC:"level='asInvoker' uiAccess='false'" /DEBUG /PDB:"C:\Users\Daniel\Documents\Faculdade\2º Ano - 2º Semestre\2 - Computação Gráfica\TP5\bin\CGFexample.pdb" /TLBID:1 /DYNAMICBASE /NXCOMPAT /IMPLIB:"bin\CGFexample.lib" /MACHINE:X86 ..\buildtemp\CGFexample\LightingScene.obj
         ..\buildtemp\CGFexample\main.obj
         ..\buildtemp\CGFexample\MyChair.obj
         ..\buildtemp\CGFexample\myCylinder.obj
         ..\buildtemp\CGFexample\MyLamp.obj
         ..\buildtemp\CGFexample\MySemiSphere.obj
         ..\buildtemp\CGFexample\MyTable.obj
         ..\buildtemp\CGFexample\MyUnitCube.obj
         ..\buildtemp\CGFexample\Plane.obj
     1>CGFlib.lib(CGFappearance.obj) : warning LNK4099: PDB 'vc100.pdb' was not found with 'CGFlib.lib(CGFappearance.obj)' or at 'C:\Users\Daniel\Documents\Faculdade\2º Ano - 2º Semestre\2 - Computação Gráfica\TP5\bin\vc100.pdb'; linking object as if no debug info
     1>CGFlib.lib(CGFapplication.obj) : warning LNK4099: PDB 'vc100.pdb' was not found with 'CGFlib.lib(CGFapplication.obj)' or at 'C:\Users\Daniel\Documents\Faculdade\2º Ano - 2º Semestre\2 - Computação Gráfica\TP5\bin\vc100.pdb'; linking object as if no debug info
     1>CGFlib.lib(CGFaxis.obj) : warning LNK4099: PDB 'vc100.pdb' was not found with 'CGFlib.lib(CGFaxis.obj)' or at 'C:\Users\Daniel\Documents\Faculdade\2º Ano - 2º Semestre\2 - Computação Gráfica\TP5\bin\vc100.pdb'; linking object as if no debug info
     1>CGFlib.lib(CGFcamera.obj) : warning LNK4099: PDB 'vc100.pdb' was not found with 'CGFlib.lib(CGFcamera.obj)' or at 'C:\Users\Daniel\Documents\Faculdade\2º Ano - 2º Semestre\2 - Computação Gráfica\TP5\bin\vc100.pdb'; linking object as if no debug info
     1>CGFlib.lib(CGFinterface.obj) : warning LNK4099: PDB 'vc100.pdb' was not found with 'CGFlib.lib(CGFinterface.obj)' or at 'C:\Users\Daniel\Documents\Faculdade\2º Ano - 2º Semestre\2 - Computação Gráfica\TP5\bin\vc100.pdb'; linking object as if no debug info
     1>CGFlib.lib(CGFlight.obj) : warning LNK4099: PDB 'vc100.pdb' was not found with 'CGFlib.lib(CGFlight.obj)' or at 'C:\Users\Daniel\Documents\Faculdade\2º Ano - 2º Semestre\2 - Computação Gráfica\TP5\bin\vc100.pdb'; linking object as if no debug info
     1>CGFlib.lib(CGFobject.obj) : warning LNK4099: PDB 'vc100.pdb' was not found with 'CGFlib.lib(CGFobject.obj)' or at 'C:\Users\Daniel\Documents\Faculdade\2º Ano - 2º Semestre\2 - Computação Gráfica\TP5\bin\vc100.pdb'; linking object as if no debug info
     1>CGFlib.lib(CGFscene.obj) : warning LNK4099: PDB 'vc100.pdb' was not found with 'CGFlib.lib(CGFscene.obj)' or at 'C:\Users\Daniel\Documents\Faculdade\2º Ano - 2º Semestre\2 - Computação Gráfica\TP5\bin\vc100.pdb'; linking object as if no debug info
     1>CGFlib.lib(CGFtexture.obj) : warning LNK4099: PDB 'vc100.pdb' was not found with 'CGFlib.lib(CGFtexture.obj)' or at 'C:\Users\Daniel\Documents\Faculdade\2º Ano - 2º Semestre\2 - Computação Gráfica\TP5\bin\vc100.pdb'; linking object as if no debug info
     1>CGFlib.lib(imagetools.obj) : warning LNK4099: PDB 'vc100.pdb' was not found with 'CGFlib.lib(imagetools.obj)' or at 'C:\Users\Daniel\Documents\Faculdade\2º Ano - 2º Semestre\2 - Computação Gráfica\TP5\bin\vc100.pdb'; linking object as if no debug info
     1>CGFlib.lib(stb_image.obj) : warning LNK4099: PDB 'vc100.pdb' was not found with 'CGFlib.lib(stb_image.obj)' or at 'C:\Users\Daniel\Documents\Faculdade\2º Ano - 2º Semestre\2 - Computação Gráfica\TP5\bin\vc100.pdb'; linking object as if no debug info
         CGFexample.vcxproj -> C:\Users\Daniel\Documents\Faculdade\2º Ano - 2º Semestre\2 - Computação Gráfica\TP5\bin\CGFexample.exe
       Manifest:
         C:\Program Files (x86)\Microsoft SDKs\Windows\v7.0A\bin\mt.exe /nologo /verbose /outputresource:"bin\CGFexample.exe;#1" /manifest ..\buildtemp\CGFexample\CGFexample.exe.intermediate.manifest
       FinalizeBuildStatus:
         Deleting file "..\buildtemp\CGFexample\CGFexample.unsuccessfulbuild".
         Touching "..\buildtemp\CGFexample\CGFexample.lastbuildstate".
     1>Done Building Project "C:\Users\Daniel\Documents\Faculdade\2º Ano - 2º Semestre\2 - Computação Gráfica\TP5\CGFexample.vcxproj" (rebuild target(s)).

Build succeeded.

Time Elapsed 00:00:02.82
